  Progetto3D.cpp
D:\Users\megab\Documents\UNI\3o Anno\Computer Graphics 2\Progetti Esame\Progetto3D\Progetto3D\gestione_mouse.h(19,10): warning C4244: 'inizializzazione': conversione da 'double' a 'float'. Possibile perdita di dati.
D:\Users\megab\Documents\UNI\3o Anno\Computer Graphics 2\Progetti Esame\Progetto3D\Progetto3D\gestione_mouse.h(20,10): warning C4244: 'inizializzazione': conversione da 'double' a 'float'. Possibile perdita di dati.
D:\Users\megab\Documents\UNI\3o Anno\Computer Graphics 2\Progetti Esame\Progetto3D\Progetto3D\gestione_mouse.h(101,17): warning C4244: 'inizializzazione': conversione da 'int' a 'float'. Possibile perdita di dati.
D:\Users\megab\Documents\UNI\3o Anno\Computer Graphics 2\Progetti Esame\Progetto3D\Progetto3D\gestione_mouse.h(102,17): warning C4244: 'inizializzazione': conversione da 'int' a 'float'. Possibile perdita di dati.
D:\Users\megab\Documents\UNI\3o Anno\Computer Graphics 2\Progetti Esame\Progetto3D\Progetto3D\gestione_mouse.h(144,26): warning C4244: '=': conversione da 'double' a 'float'. Possibile perdita di dati.
D:\Users\megab\Documents\UNI\3o Anno\Computer Graphics 2\Progetti Esame\Progetto3D\Progetto3D\gestione_mouse.h(207,17): warning C4244: 'inizializzazione': conversione da 'double' a 'float'. Possibile perdita di dati.
D:\Users\megab\Documents\UNI\3o Anno\Computer Graphics 2\Progetti Esame\Progetto3D\Progetto3D\gestione_mouse.h(212,49): warning C4244: 'argomento': conversione da 'int' a 'float'. Possibile perdita di dati.
D:\Users\megab\Documents\UNI\3o Anno\Computer Graphics 2\Progetti Esame\Progetto3D\Progetto3D\gestione_mouse.h(212,46): warning C4244: 'argomento': conversione da 'int' a 'float'. Possibile perdita di dati.
D:\Users\megab\Documents\UNI\3o Anno\Computer Graphics 2\Progetti Esame\Progetto3D\Progetto3D\gestione_mouse.h(213,66): warning C4244: 'argomento': conversione da 'int' a 'float'. Possibile perdita di dati.
D:\Users\megab\Documents\UNI\3o Anno\Computer Graphics 2\Progetti Esame\Progetto3D\Progetto3D\gestione_mouse.h(213,48): warning C4244: 'argomento': conversione da 'int' a 'float'. Possibile perdita di dati.
D:\Users\megab\Documents\UNI\3o Anno\Computer Graphics 2\Progetti Esame\Progetto3D\Progetto3D\gestione_mouse.h(219,14): warning C4244: 'inizializzazione': conversione da 'double' a 'float'. Possibile perdita di dati.
D:\Users\megab\Documents\UNI\3o Anno\Computer Graphics 2\Progetti Esame\Progetto3D\Progetto3D\gestione_mouse.h(246,11): warning C4244: '=': conversione da 'int' a 'float'. Possibile perdita di dati.
D:\Users\megab\Documents\UNI\3o Anno\Computer Graphics 2\Progetti Esame\Progetto3D\Progetto3D\gestione_mouse.h(247,11): warning C4244: '=': conversione da 'int' a 'float'. Possibile perdita di dati.
D:\Users\megab\Documents\UNI\3o Anno\Computer Graphics 2\Progetti Esame\Progetto3D\Progetto3D\gestione_mouse.h(253,10): warning C4244: '=': conversione da 'int' a 'float'. Possibile perdita di dati.
D:\Users\megab\Documents\UNI\3o Anno\Computer Graphics 2\Progetti Esame\Progetto3D\Progetto3D\gestione_mouse.h(254,10): warning C4244: '=': conversione da 'int' a 'float'. Possibile perdita di dati.
D:\Users\megab\Documents\UNI\3o Anno\Computer Graphics 2\Progetti Esame\Progetto3D\Progetto3D\gestione_telecamera.h(169,20): warning C4305: 'inizializzazione': troncamento da 'double' a 'float'
D:\Users\megab\Documents\UNI\3o Anno\Computer Graphics 2\Progetti Esame\Progetto3D\Progetto3D\gestione_telecamera.h(84,8): warning C4101: 'intStr': variabile locale senza riferimenti
D:\Users\megab\Documents\UNI\3o Anno\Computer Graphics 2\Progetti Esame\Progetto3D\Progetto3D\Progetto3D.cpp(43,24): warning C4305: 'inizializzazione': troncamento da 'double' a 'float'
D:\Users\megab\Documents\UNI\3o Anno\Computer Graphics 2\Progetti Esame\Progetto3D\Progetto3D\Progetto3D.cpp(386,30): warning C4267: 'inizializzazione': conversione da 'size_t' a 'int'. Possibile perdita di dati.
D:\Users\megab\Documents\UNI\3o Anno\Computer Graphics 2\Progetti Esame\Progetto3D\Progetto3D\Progetto3D.cpp(411,26): warning C4267: '=': conversione da 'size_t' a 'int'. Possibile perdita di dati.
D:\Users\megab\Documents\UNI\3o Anno\Computer Graphics 2\Progetti Esame\Progetto3D\Progetto3D\Progetto3D.cpp(432,26): warning C4267: '=': conversione da 'size_t' a 'int'. Possibile perdita di dati.
D:\Users\megab\Documents\UNI\3o Anno\Computer Graphics 2\Progetti Esame\Progetto3D\Progetto3D\Progetto3D.cpp(457,26): warning C4267: '=': conversione da 'size_t' a 'int'. Possibile perdita di dati.
D:\Users\megab\Documents\UNI\3o Anno\Computer Graphics 2\Progetti Esame\Progetto3D\Progetto3D\Progetto3D.cpp(482,26): warning C4267: '=': conversione da 'size_t' a 'int'. Possibile perdita di dati.
D:\Users\megab\Documents\UNI\3o Anno\Computer Graphics 2\Progetti Esame\Progetto3D\Progetto3D\Progetto3D.cpp(507,26): warning C4267: '=': conversione da 'size_t' a 'int'. Possibile perdita di dati.
D:\Users\megab\Documents\UNI\3o Anno\Computer Graphics 2\Progetti Esame\Progetto3D\Progetto3D\Progetto3D.cpp(583,25): warning C4244: 'argomento': conversione da 'float' a 'GLsizei'. Possibile perdita di dati.
D:\Users\megab\Documents\UNI\3o Anno\Computer Graphics 2\Progetti Esame\Progetto3D\Progetto3D\Progetto3D.cpp(584,17): warning C4244: '=': conversione da 'float' a 'int'. Possibile perdita di dati.
D:\Users\megab\Documents\UNI\3o Anno\Computer Graphics 2\Progetti Esame\Progetto3D\Progetto3D\Progetto3D.cpp(585,12): warning C4244: '=': conversione da 'float' a 'int'. Possibile perdita di dati.
D:\Users\megab\Documents\UNI\3o Anno\Computer Graphics 2\Progetti Esame\Progetto3D\Progetto3D\Progetto3D.cpp(589,22): warning C4244: 'argomento': conversione da 'float' a 'GLsizei'. Possibile perdita di dati.
D:\Users\megab\Documents\UNI\3o Anno\Computer Graphics 2\Progetti Esame\Progetto3D\Progetto3D\Progetto3D.cpp(590,12): warning C4244: '=': conversione da 'float' a 'int'. Possibile perdita di dati.
D:\Users\megab\Documents\UNI\3o Anno\Computer Graphics 2\Progetti Esame\Progetto3D\Progetto3D\Progetto3D.cpp(591,17): warning C4244: '=': conversione da 'float' a 'int'. Possibile perdita di dati.
D:\Users\megab\Documents\UNI\3o Anno\Computer Graphics 2\Progetti Esame\Progetto3D\Progetto3D\Progetto3D.cpp(616,90): warning C4267: 'argomento': conversione da 'size_t' a 'GLsizei'. Possibile perdita di dati.
D:\Users\megab\Documents\UNI\3o Anno\Computer Graphics 2\Progetti Esame\Progetto3D\Progetto3D\Progetto3D.cpp(636,96): warning C4267: 'argomento': conversione da 'size_t' a 'GLsizei'. Possibile perdita di dati.
D:\Users\megab\Documents\UNI\3o Anno\Computer Graphics 2\Progetti Esame\Progetto3D\Progetto3D\Progetto3D.cpp(678,40): warning C4267: 'inizializzazione': conversione da 'size_t' a 'int'. Possibile perdita di dati.
D:\Users\megab\Documents\UNI\3o Anno\Computer Graphics 2\Progetti Esame\Progetto3D\Progetto3D\Progetto3D.cpp(704,97): warning C4267: 'argomento': conversione da 'size_t' a 'GLsizei'. Possibile perdita di dati.
D:\Users\megab\Documents\UNI\3o Anno\Computer Graphics 2\Progetti Esame\Progetto3D\Progetto3D\Progetto3D.cpp(738,100): warning C4267: 'argomento': conversione da 'size_t' a 'GLsizei'. Possibile perdita di dati.
  Generazione codice in corso...
  1 of 1016 functions (<0.1%) were compiled, the rest were copied from previous compilation.
    0 functions were new in current compilation
    8 functions had inline decision re-evaluated but remain unchanged
  Generazione codice terminata
  Progetto3D.vcxproj -> D:\Users\megab\Documents\UNI\3o Anno\Computer Graphics 2\Progetti Esame\Progetto3D\x64\Release\Progetto3D.exe
